Started GET "/articles" for 127.0.0.1 at 2017-08-13 07:47:36 +1000
  
ActionController::RoutingError (No route matches [GET] "/articles"):
  
actionpack (5.1.2) lib/action_dispatch/middleware/debug_exceptions.rb:63:in `call'
web-console (3.5.1) lib/web_console/middleware.rb:135:in `call_app'
web-console (3.5.1) lib/web_console/middleware.rb:28:in `block in call'
web-console (3.5.1) lib/web_console/middleware.rb:18:in `catch'
web-console (3.5.1) lib/web_console/middleware.rb:18:in `call'
actionpack (5.1.2) lib/action_dispatch/middleware/show_exceptions.rb:31:in `call'
railties (5.1.2) lib/rails/rack/logger.rb:36:in `call_app'
railties (5.1.2) lib/rails/rack/logger.rb:24:in `block in call'
activesupport (5.1.2) lib/active_support/tagged_logging.rb:69:in `block in tagged'
activesupport (5.1.2) lib/active_support/tagged_logging.rb:26:in `tagged'
activesupport (5.1.2) lib/active_support/tagged_logging.rb:69:in `tagged'
railties (5.1.2) lib/rails/rack/logger.rb:24:in `call'
sprockets-rails (3.2.0) lib/sprockets/rails/quiet_assets.rb:13:in `call'
actionpack (5.1.2) lib/action_dispatch/middleware/remote_ip.rb:79:in `call'
actionpack (5.1.2) lib/action_dispatch/middleware/request_id.rb:25:in `call'
rack (2.0.3) lib/rack/method_override.rb:22:in `call'
rack (2.0.3) lib/rack/runtime.rb:22:in `call'
activesupport (5.1.2) lib/active_support/cache/strategy/local_cache_middleware.rb:27:in `call'
actionpack (5.1.2) lib/action_dispatch/middleware/executor.rb:12:in `call'
actionpack (5.1.2) lib/action_dispatch/middleware/static.rb:125:in `call'
rack (2.0.3) lib/rack/sendfile.rb:111:in `call'
railties (5.1.2) lib/rails/engine.rb:522:in `call'
puma (3.9.1) lib/puma/configuration.rb:224:in `call'
puma (3.9.1) lib/puma/server.rb:602:in `handle_request'
puma (3.9.1) lib/puma/server.rb:435:in `process_client'
puma (3.9.1) lib/puma/server.rb:299:in `block in run'
puma (3.9.1) lib/puma/thread_pool.rb:120:in `block in spawn_thread'
Started GET "/" for 127.0.0.1 at 2017-08-13 07:47:44 +1000
Processing by Rails::WelcomeController#index as HTML
  Rendering C:/Ruby24-x64/lib/ruby/gems/2.4.0/gems/railties-5.1.2/lib/rails/templates/rails/welcome/index.html.erb
  Rendered C:/Ruby24-x64/lib/ruby/gems/2.4.0/gems/railties-5.1.2/lib/rails/templates/rails/welcome/index.html.erb (2.0ms)
Completed 200 OK in 846ms (Views: 12.4ms)


Started GET "/" for 127.0.0.1 at 2017-08-13 07:49:29 +1000
Processing by ApplicationController#hello as HTML
  Rendering html template
  Rendered html template (0.0ms)
Completed 200 OK in 10ms (Views: 9.0ms)


  [1m[35m (0.0ms)[0m  [1m[34mSELECT sqlite_version(*)[0m
  [1m[35m (62.4ms)[0m  [1m[35mCREATE TABLE "schema_migrations" ("version" varchar NOT NULL PRIMARY KEY)[0m
  [1m[35m (46.9ms)[0m  [1m[35mCREATE TABLE "ar_internal_metadata" ("key" varchar NOT NULL PRIMARY KEY, "value" varchar, "created_at" datetime NOT NULL, "updated_at" datetime NOT NULL)[0m
  [1m[35m (0.0ms)[0m  [1m[34mSELECT "schema_migrations"."version" FROM "schema_migrations" ORDER BY "schema_migrations"."version" ASC[0m
Migrating to CreateUsers (20170812215357)
  [1m[35m (0.0ms)[0m  [1m[36mbegin transaction[0m
  [1m[35m (0.0ms)[0m  [1m[35mCREATE TABLE "users" ("id" INTEGER PRIMARY KEY AUTOINCREMENT NOT NULL, "name" varchar, "email" varchar, "created_at" datetime NOT NULL, "updated_at" datetime NOT NULL)[0m
  [1m[35mSQL (0.0ms)[0m  [1m[32mINSERT INTO "schema_migrations" ("version") VALUES (?)[0m  [["version", "20170812215357"]]
  [1m[35m (46.9ms)[0m  [1m[36mcommit transaction[0m
  [1m[36mActiveRecord::InternalMetadata Load (0.0ms)[0m  [1m[34mSELECT  "ar_internal_metadata".* FROM "ar_internal_metadata" WHERE "ar_internal_metadata"."key" = ? LIMIT ?[0m  [["key", "environment"], ["LIMIT", 1]]
  [1m[35m (0.0ms)[0m  [1m[36mbegin transaction[0m
  [1m[35mSQL (0.0ms)[0m  [1m[32mINSERT INTO "ar_internal_metadata" ("key", "value", "created_at", "updated_at") VALUES (?, ?, ?, ?)[0m  [["key", "environment"], ["value", "development"], ["created_at", "2017-08-12 21:54:30.928599"], ["updated_at", "2017-08-12 21:54:30.928599"]]
  [1m[35m (31.3ms)[0m  [1m[36mcommit transaction[0m
  [1m[35m (0.0ms)[0m  [1m[34mSELECT "schema_migrations"."version" FROM "schema_migrations" ORDER BY "schema_migrations"."version" ASC[0m
Started GET "/" for 127.0.0.1 at 2017-08-13 07:57:43 +1000
  [1m[35m (0.0ms)[0m  [1m[34mSELECT "schema_migrations"."version" FROM "schema_migrations" ORDER BY "schema_migrations"."version" ASC[0m
Processing by ApplicationController#hello as HTML
  Rendering html template
  Rendered html template (0.0ms)
Completed 200 OK in 2ms (Views: 0.9ms | ActiveRecord: 0.0ms)


Started GET "/" for 127.0.0.1 at 2017-08-13 08:18:52 +1000
Processing by UsersController#index as HTML
  Rendering users/index.html.erb within layouts/application
  [1m[36mUser Load (0.0ms)[0m  [1m[34mSELECT "users".* FROM "users"[0m
  Rendered users/index.html.erb within layouts/application (4.1ms)
Completed 200 OK in 963ms (Views: 955.6ms | ActiveRecord: 0.0ms)


Started GET "/" for 127.0.0.1 at 2017-08-13 08:19:02 +1000
Processing by UsersController#index as HTML
  Rendering users/index.html.erb within layouts/application
  [1m[36mUser Load (1.0ms)[0m  [1m[34mSELECT "users".* FROM "users"[0m
  Rendered users/index.html.erb within layouts/application (1.0ms)
Completed 200 OK in 62ms (Views: 50.0ms | ActiveRecord: 1.0ms)


  [1m[35m (0.0ms)[0m  [1m[34mSELECT "schema_migrations"."version" FROM "schema_migrations" ORDER BY "schema_migrations"."version" ASC[0m
Migrating to CreateMicroposts (20170812222201)
  [1m[35m (0.0ms)[0m  [1m[36mbegin transaction[0m
  [1m[35m (0.0ms)[0m  [1m[34mSELECT sqlite_version(*)[0m
  [1m[35m (0.0ms)[0m  [1m[35mCREATE TABLE "microposts" ("id" INTEGER PRIMARY KEY AUTOINCREMENT NOT NULL, "content" text, "user_id" integer, "created_at" datetime NOT NULL, "updated_at" datetime NOT NULL)[0m
  [1m[35mSQL (0.0ms)[0m  [1m[32mINSERT INTO "schema_migrations" ("version") VALUES (?)[0m  [["version", "20170812222201"]]
  [1m[35m (78.1ms)[0m  [1m[36mcommit transaction[0m
  [1m[36mActiveRecord::InternalMetadata Load (0.0ms)[0m  [1m[34mSELECT  "ar_internal_metadata".* FROM "ar_internal_metadata" WHERE "ar_internal_metadata"."key" = ? LIMIT ?[0m  [["key", "environment"], ["LIMIT", 1]]
  [1m[35m (0.0ms)[0m  [1m[36mbegin transaction[0m
  [1m[35m (0.0ms)[0m  [1m[36mcommit transaction[0m
  [1m[35m (0.0ms)[0m  [1m[34mSELECT "schema_migrations"."version" FROM "schema_migrations" ORDER BY "schema_migrations"."version" ASC[0m
Started GET "/microposts/new" for 127.0.0.1 at 2017-08-13 08:27:06 +1000
  [1m[35m (0.0ms)[0m  [1m[34mSELECT "schema_migrations"."version" FROM "schema_migrations" ORDER BY "schema_migrations"."version" ASC[0m
Processing by MicropostsController#new as HTML
  Rendering microposts/new.html.erb within layouts/application
  Rendered microposts/_form.html.erb (59.5ms)
  Rendered microposts/new.html.erb within layouts/application (64.5ms)
Completed 200 OK in 227ms (Views: 216.6ms | ActiveRecord: 0.0ms)


Started GET "/users/new" for 127.0.0.1 at 2017-08-13 08:27:13 +1000
Processing by UsersController#new as HTML
  Rendering users/new.html.erb within layouts/application
  Rendered users/_form.html.erb (2.0ms)
  Rendered users/new.html.erb within layouts/application (6.0ms)
Completed 200 OK in 56ms (Views: 46.4ms | ActiveRecord: 0.5ms)


Started GET "/" for 127.0.0.1 at 2017-08-13 08:30:08 +1000
Processing by UsersController#index as HTML
  Rendering users/index.html.erb within layouts/application
  [1m[36mUser Load (0.0ms)[0m  [1m[34mSELECT "users".* FROM "users"[0m
  Rendered users/index.html.erb within layouts/application (3.6ms)
Completed 200 OK in 47ms (Views: 38.7ms | ActiveRecord: 0.5ms)


Started GET "/users/new" for 127.0.0.1 at 2017-08-13 08:30:11 +1000
Processing by UsersController#new as HTML
  Rendering users/new.html.erb within layouts/application
  Rendered users/_form.html.erb (1.0ms)
  Rendered users/new.html.erb within layouts/application (6.0ms)
Completed 200 OK in 47ms (Views: 38.6ms | ActiveRecord: 0.0ms)


Started POST "/users" for 127.0.0.1 at 2017-08-13 08:30:28 +1000
Processing by UsersController#create as HTML
  Parameters: {"utf8"=>"✓", "authenticity_token"=>"VjF+YCSj1ah97qMOeCWE21EvIv6KMl9ttAyaZuWIj34k3ozCaYw0UBpJjrR00OEjUwGe6J1qVx1wE3YWQhyfmw==", "user"=>{"name"=>"user1", "email"=>"user1@"}, "commit"=>"Create User"}
  [1m[35m (0.0ms)[0m  [1m[36mbegin transaction[0m
  [1m[35mSQL (0.0ms)[0m  [1m[32mINSERT INTO "users" ("name", "email", "created_at", "updated_at") VALUES (?, ?, ?, ?)[0m  [["name", "user1"], ["email", "user1@"], ["created_at", "2017-08-12 22:30:28.483836"], ["updated_at", "2017-08-12 22:30:28.483836"]]
  [1m[35m (63.9ms)[0m  [1m[36mcommit transaction[0m
Redirected to http://localhost:3000/users/1
Completed 302 Found in 71ms (ActiveRecord: 63.8ms)


Started GET "/users/1" for 127.0.0.1 at 2017-08-13 08:30:28 +1000
Processing by UsersController#show as HTML
  Parameters: {"id"=>"1"}
  [1m[36mUser Load (0.5ms)[0m  [1m[34mSELECT  "users".* FROM "users" WHERE "users"."id" = ? LIMIT ?[0m  [["id", 1], ["LIMIT", 1]]
  Rendering users/show.html.erb within layouts/application
  Rendered users/show.html.erb within layouts/application (0.5ms)
Completed 200 OK in 73ms (Views: 34.9ms | ActiveRecord: 0.5ms)


Started GET "/users" for 127.0.0.1 at 2017-08-13 08:30:35 +1000
Processing by UsersController#index as HTML
  Rendering users/index.html.erb within layouts/application
  [1m[36mUser Load (0.0ms)[0m  [1m[34mSELECT "users".* FROM "users"[0m
  Rendered users/index.html.erb within layouts/application (2.0ms)
Completed 200 OK in 39ms (Views: 33.9ms | ActiveRecord: 0.0ms)


Started GET "/users/1/edit" for 127.0.0.1 at 2017-08-13 08:30:37 +1000
Processing by UsersController#edit as HTML
  Parameters: {"id"=>"1"}
  [1m[36mUser Load (0.0ms)[0m  [1m[34mSELECT  "users".* FROM "users" WHERE "users"."id" = ? LIMIT ?[0m  [["id", 1], ["LIMIT", 1]]
  Rendering users/edit.html.erb within layouts/application
  Rendered users/_form.html.erb (2.0ms)
  Rendered users/edit.html.erb within layouts/application (6.4ms)
Completed 200 OK in 53ms (Views: 46.9ms | ActiveRecord: 0.0ms)


Started PATCH "/users/1" for 127.0.0.1 at 2017-08-13 08:30:45 +1000
Processing by UsersController#update as HTML
  Parameters: {"utf8"=>"✓", "authenticity_token"=>"nECT2XMXaayEYrOgKpb5gtqUQVhHAlm2gTme2itmNSijNDK50TAfLGB4qxLIs2FArSAPDRxUtsSwri+1SWPDXQ==", "user"=>{"name"=>"user1", "email"=>"user1@yahoo.com"}, "commit"=>"Update User", "id"=>"1"}
  [1m[36mUser Load (0.0ms)[0m  [1m[34mSELECT  "users".* FROM "users" WHERE "users"."id" = ? LIMIT ?[0m  [["id", 1], ["LIMIT", 1]]
  [1m[35m (0.0ms)[0m  [1m[36mbegin transaction[0m
  [1m[35mSQL (1.0ms)[0m  [1m[33mUPDATE "users" SET "email" = ?, "updated_at" = ? WHERE "users"."id" = ?[0m  [["email", "user1@yahoo.com"], ["updated_at", "2017-08-12 22:30:45.227724"], ["id", 1]]
  [1m[35m (114.7ms)[0m  [1m[36mcommit transaction[0m
Redirected to http://localhost:3000/users/1
Completed 302 Found in 122ms (ActiveRecord: 115.8ms)


Started GET "/users/1" for 127.0.0.1 at 2017-08-13 08:30:45 +1000
Processing by UsersController#show as HTML
  Parameters: {"id"=>"1"}
  [1m[36mUser Load (0.0ms)[0m  [1m[34mSELECT  "users".* FROM "users" WHERE "users"."id" = ? LIMIT ?[0m  [["id", 1], ["LIMIT", 1]]
  Rendering users/show.html.erb within layouts/application
  Rendered users/show.html.erb within layouts/application (0.0ms)
Completed 200 OK in 47ms (Views: 35.9ms | ActiveRecord: 0.0ms)


Started GET "/users" for 127.0.0.1 at 2017-08-13 08:30:48 +1000
Processing by UsersController#index as HTML
  Rendering users/index.html.erb within layouts/application
  [1m[36mUser Load (0.0ms)[0m  [1m[34mSELECT "users".* FROM "users"[0m
  Rendered users/index.html.erb within layouts/application (3.0ms)
Completed 200 OK in 43ms (Views: 37.0ms | ActiveRecord: 0.0ms)


Started GET "/users/new" for 127.0.0.1 at 2017-08-13 08:30:51 +1000
Processing by UsersController#new as HTML
  Rendering users/new.html.erb within layouts/application
  Rendered users/_form.html.erb (1.5ms)
  Rendered users/new.html.erb within layouts/application (6.5ms)
Completed 200 OK in 46ms (Views: 40.7ms | ActiveRecord: 0.0ms)


Started GET "/users" for 127.0.0.1 at 2017-08-13 08:30:53 +1000
Processing by UsersController#index as HTML
  Rendering users/index.html.erb within layouts/application
  [1m[36mUser Load (0.5ms)[0m  [1m[34mSELECT "users".* FROM "users"[0m
  Rendered users/index.html.erb within layouts/application (3.5ms)
Completed 200 OK in 44ms (Views: 37.8ms | ActiveRecord: 0.5ms)


Started GET "/microposts" for 127.0.0.1 at 2017-08-13 08:31:05 +1000
Processing by MicropostsController#index as HTML
  Rendering microposts/index.html.erb within layouts/application
  [1m[36mMicropost Load (0.0ms)[0m  [1m[34mSELECT "microposts".* FROM "microposts"[0m
  Rendered microposts/index.html.erb within layouts/application (2.0ms)
Completed 200 OK in 47ms (Views: 40.2ms | ActiveRecord: 0.0ms)


Started GET "/microposts/new" for 127.0.0.1 at 2017-08-13 08:31:07 +1000
Processing by MicropostsController#new as HTML
  Rendering microposts/new.html.erb within layouts/application
  Rendered microposts/_form.html.erb (1.0ms)
  Rendered microposts/new.html.erb within layouts/application (6.0ms)
Completed 200 OK in 32ms (Views: 36.6ms | ActiveRecord: 1.0ms)


Started POST "/microposts" for 127.0.0.1 at 2017-08-13 08:31:59 +1000
Processing by MicropostsController#create as HTML
  Parameters: {"utf8"=>"✓", "authenticity_token"=>"t1Jxhsrc2rSfZ7jSBw2kgHAnVEL0WE89V7aza66Q3N53B0lWRyGlaDyrDmBgswC/pDCFtWNAvLMfrUgomynuvw==", "micropost"=>{"content"=>"micropost", "user_id"=>"0"}, "commit"=>"Create Micropost"}
  [1m[35m (0.0ms)[0m  [1m[36mbegin transaction[0m
  [1m[35mSQL (1.0ms)[0m  [1m[32mINSERT INTO "microposts" ("content", "user_id", "created_at", "updated_at") VALUES (?, ?, ?, ?)[0m  [["content", "micropost"], ["user_id", 0], ["created_at", "2017-08-12 22:31:59.641214"], ["updated_at", "2017-08-12 22:31:59.641214"]]
  [1m[35m (50.3ms)[0m  [1m[36mcommit transaction[0m
Redirected to http://localhost:3000/microposts/1
Completed 302 Found in 62ms (ActiveRecord: 51.3ms)


Started GET "/microposts/1" for 127.0.0.1 at 2017-08-13 08:31:59 +1000
Processing by MicropostsController#show as HTML
  Parameters: {"id"=>"1"}
  [1m[36mMicropost Load (0.0ms)[0m  [1m[34mSELECT  "microposts".* FROM "microposts" WHERE "microposts"."id" = ? LIMIT ?[0m  [["id", 1], ["LIMIT", 1]]
  Rendering microposts/show.html.erb within layouts/application
  Rendered microposts/show.html.erb within layouts/application (0.5ms)
Completed 200 OK in 39ms (Views: 32.7ms | ActiveRecord: 0.0ms)


Started GET "/microposts/1/edit" for 127.0.0.1 at 2017-08-13 08:32:23 +1000
Processing by MicropostsController#edit as HTML
  Parameters: {"id"=>"1"}
  [1m[36mMicropost Load (0.0ms)[0m  [1m[34mSELECT  "microposts".* FROM "microposts" WHERE "microposts"."id" = ? LIMIT ?[0m  [["id", 1], ["LIMIT", 1]]
  Rendering microposts/edit.html.erb within layouts/application
  Rendered microposts/_form.html.erb (2.0ms)
  Rendered microposts/edit.html.erb within layouts/application (6.9ms)
Completed 200 OK in 71ms (Views: 54.5ms | ActiveRecord: 0.0ms)


Started PATCH "/microposts/1" for 127.0.0.1 at 2017-08-13 08:32:27 +1000
Processing by MicropostsController#update as HTML
  Parameters: {"utf8"=>"✓", "authenticity_token"=>"fpIxu8/QkHhoAqO6kolSJAh7IzTedY0lRm4ff444fg2Sn4f0sNeGsnJY2TWSRs9rJJ7rx6o9b2TU3N69BGAw0Q==", "micropost"=>{"content"=>"micropost", "user_id"=>"1"}, "commit"=>"Update Micropost", "id"=>"1"}
  [1m[36mMicropost Load (0.0ms)[0m  [1m[34mSELECT  "microposts".* FROM "microposts" WHERE "microposts"."id" = ? LIMIT ?[0m  [["id", 1], ["LIMIT", 1]]
  [1m[35m (0.0ms)[0m  [1m[36mbegin transaction[0m
  [1m[35mSQL (0.5ms)[0m  [1m[33mUPDATE "microposts" SET "user_id" = ?, "updated_at" = ? WHERE "microposts"."id" = ?[0m  [["user_id", 1], ["updated_at", "2017-08-12 22:32:27.277104"], ["id", 1]]
  [1m[35m (72.7ms)[0m  [1m[36mcommit transaction[0m
Redirected to http://localhost:3000/microposts/1
Completed 302 Found in 81ms (ActiveRecord: 73.2ms)


Started GET "/microposts/1" for 127.0.0.1 at 2017-08-13 08:32:27 +1000
Processing by MicropostsController#show as HTML
  Parameters: {"id"=>"1"}
  [1m[36mMicropost Load (0.0ms)[0m  [1m[34mSELECT  "microposts".* FROM "microposts" WHERE "microposts"."id" = ? LIMIT ?[0m  [["id", 1], ["LIMIT", 1]]
  Rendering microposts/show.html.erb within layouts/application
  Rendered microposts/show.html.erb within layouts/application (1.5ms)
Completed 200 OK in 46ms (Views: 41.3ms | ActiveRecord: 0.0ms)


Started GET "/microposts" for 127.0.0.1 at 2017-08-13 08:32:36 +1000
Processing by MicropostsController#index as HTML
  Rendering microposts/index.html.erb within layouts/application
  [1m[36mMicropost Load (0.0ms)[0m  [1m[34mSELECT "microposts".* FROM "microposts"[0m
  Rendered microposts/index.html.erb within layouts/application (1.2ms)
Completed 200 OK in 36ms (Views: 40.4ms | ActiveRecord: 0.0ms)


Started GET "/microposts/new" for 127.0.0.1 at 2017-08-13 08:32:38 +1000
Processing by MicropostsController#new as HTML
  Rendering microposts/new.html.erb within layouts/application
  Rendered microposts/_form.html.erb (1.0ms)
  Rendered microposts/new.html.erb within layouts/application (6.0ms)
Completed 200 OK in 31ms (Views: 38.6ms | ActiveRecord: 0.0ms)


Started POST "/microposts" for 127.0.0.1 at 2017-08-13 08:32:48 +1000
Processing by MicropostsController#create as HTML
  Parameters: {"utf8"=>"✓", "authenticity_token"=>"8pB+2vW66fQASF9z563wRH418IErKrWgs+TRWanDoz4yxUYKeEeWKKOE6cGAE1R7qiIhdrwyRi77/yoanHqRXw==", "micropost"=>{"content"=>"asdffsadfsadfsdfsdafsdfsdfsdafsadfdsdfasdffsadfsadfsdfsdafsdfsdfsdafsadfdsdfasdffsadfsadfsdfsdafsdfsdfsdafsadfdsdfasdffsadfsadfsdfsdafsdfsdfsdafsadfdsdfasdffsadfsadfsdfsdafsdfsdfsdafsadfdsdfasdffsadfsadfsdfsdafsdfsdfsdafsadfdsdfasdffsadfsadfsdfsdafsdfsdfsdafsadfdsdfasdffsadfsadfsdfsdafsdfsdfsdafsadfdsdfasdffsadfsadfsdfsdafsdfsdfsdafsadfdsdfasdffsadfsadfsdfsdafsdfsdfsdafsadfdsdfasdffsadfsadfsdfsdafsdfsdfsdafsadfdsdfasdffsadfsadfsdfsdafsdfsdfsdafsadfdsdfasdffsadfsadfsdfsdafsdfsdfsdafsadfdsdf", "user_id"=>""}, "commit"=>"Create Micropost"}
  [1m[35m (1.0ms)[0m  [1m[36mbegin transaction[0m
  [1m[35m (0.0ms)[0m  [1m[31mrollback transaction[0m
  Rendering microposts/new.html.erb within layouts/application
  Rendered microposts/_form.html.erb (2.0ms)
  Rendered microposts/new.html.erb within layouts/application (6.9ms)
Completed 200 OK in 46ms (Views: 42.7ms | ActiveRecord: 1.0ms)


Started GET "/microposts" for 127.0.0.1 at 2017-08-13 08:32:57 +1000
Processing by MicropostsController#index as HTML
  Rendering microposts/index.html.erb within layouts/application
  [1m[36mMicropost Load (0.0ms)[0m  [1m[34mSELECT "microposts".* FROM "microposts"[0m
  Rendered microposts/index.html.erb within layouts/application (3.6ms)
Completed 200 OK in 41ms (Views: 36.3ms | ActiveRecord: 0.0ms)


Started GET "/microposts" for 127.0.0.1 at 2017-08-13 08:36:05 +1000
Processing by MicropostsController#index as HTML
  Rendering microposts/index.html.erb within layouts/application
  [1m[36mMicropost Load (0.5ms)[0m  [1m[34mSELECT "microposts".* FROM "microposts"[0m
  Rendered microposts/index.html.erb within layouts/application (12.0ms)
Completed 200 OK in 151ms (Views: 74.6ms | ActiveRecord: 2.0ms)


Started GET "/microposts/new" for 127.0.0.1 at 2017-08-13 08:36:08 +1000
Processing by MicropostsController#new as HTML
  Rendering microposts/new.html.erb within layouts/application
  Rendered microposts/_form.html.erb (1.5ms)
  Rendered microposts/new.html.erb within layouts/application (6.5ms)
Completed 200 OK in 44ms (Views: 39.0ms | ActiveRecord: 0.0ms)


Started POST "/microposts" for 127.0.0.1 at 2017-08-13 08:36:10 +1000
Processing by MicropostsController#create as HTML
  Parameters: {"utf8"=>"✓", "authenticity_token"=>"mc8ky/xNHGepqse56eQ3QCEa1nEcoj6DVLxEA59WHlBZmhwbcbBjuwpmcQuOWpN/9Q0Hhou6zQ0cp79Aqu8sMQ==", "micropost"=>{"content"=>"", "user_id"=>""}, "commit"=>"Create Micropost"}
  [1m[35m (0.0ms)[0m  [1m[36mbegin transaction[0m
  [1m[35m (0.0ms)[0m  [1m[31mrollback transaction[0m
  Rendering microposts/new.html.erb within layouts/application
  Rendered microposts/_form.html.erb (2.0ms)
  Rendered microposts/new.html.erb within layouts/application (11.8ms)
Completed 200 OK in 182ms (Views: 65.8ms | ActiveRecord: 0.0ms)


Started POST "/microposts" for 127.0.0.1 at 2017-08-13 08:36:20 +1000
Processing by MicropostsController#create as HTML
  Parameters: {"utf8"=>"✓", "authenticity_token"=>"rsaha5uepFreWeR4qKG2e0WYXNMGE7jlMZ0A3iDA5vO8X1EP7zMjl2cUsmJI3mwRW2HAYLNSVoR+CQnVsq504A==", "micropost"=>{"content"=>"sdf", "user_id"=>""}, "commit"=>"Create Micropost"}
  [1m[35m (0.0ms)[0m  [1m[36mbegin transaction[0m
  [1m[35m (0.0ms)[0m  [1m[31mrollback transaction[0m
  Rendering microposts/new.html.erb within layouts/application
  Rendered microposts/_form.html.erb (1.0ms)
  Rendered microposts/new.html.erb within layouts/application (7.0ms)
Completed 200 OK in 44ms (Views: 40.8ms | ActiveRecord: 0.0ms)


Started POST "/microposts" for 127.0.0.1 at 2017-08-13 08:36:49 +1000
Processing by MicropostsController#create as HTML
  Parameters: {"utf8"=>"✓", "authenticity_token"=>"NFMNW7fIWmNCgEPG/5ch1Mt/RVWbQr0YQHBeuDXKVwAmyv0/w2XdrvvNFdwf6Pu+1YbZ5i4DU3kP5Fezp6TFEw==", "micropost"=>{"content"=>"", "user_id"=>""}, "commit"=>"Create Micropost"}
  [1m[35m (0.0ms)[0m  [1m[36mbegin transaction[0m
  [1m[35m (0.0ms)[0m  [1m[31mrollback transaction[0m
  Rendering microposts/new.html.erb within layouts/application
  Rendered microposts/_form.html.erb (2.5ms)
  Rendered microposts/new.html.erb within layouts/application (11.0ms)
Completed 200 OK in 71ms (Views: 62.9ms | ActiveRecord: 0.0ms)


Started GET "/users/new" for 127.0.0.1 at 2017-08-13 08:37:20 +1000
Processing by UsersController#new as HTML
  Rendering users/new.html.erb within layouts/application
  Rendered users/_form.html.erb (2.0ms)
  Rendered users/new.html.erb within layouts/application (13.4ms)
Completed 200 OK in 107ms (Views: 73.6ms | ActiveRecord: 1.0ms)


Started GET "/users" for 127.0.0.1 at 2017-08-13 08:37:22 +1000
Processing by UsersController#index as HTML
  Rendering users/index.html.erb within layouts/application
  [1m[36mUser Load (0.0ms)[0m  [1m[34mSELECT "users".* FROM "users"[0m
  Rendered users/index.html.erb within layouts/application (3.0ms)
Completed 200 OK in 40ms (Views: 35.9ms | ActiveRecord: 0.0ms)


Started GET "/users/new" for 127.0.0.1 at 2017-08-13 08:37:24 +1000
Processing by UsersController#new as HTML
  Rendering users/new.html.erb within layouts/application
  Rendered users/_form.html.erb (1.5ms)
  Rendered users/new.html.erb within layouts/application (6.5ms)
Completed 200 OK in 47ms (Views: 42.4ms | ActiveRecord: 0.0ms)


Started POST "/users" for 127.0.0.1 at 2017-08-13 08:37:25 +1000
Processing by UsersController#create as HTML
  Parameters: {"utf8"=>"✓", "authenticity_token"=>"56m5HbHQgOeIcVsICiqfZZ7NTz7u4orr2UgbkBmuFqiVRku//P9hH+/WdrIG3/qdnOPzKPm6gpsdV/fgvjoGTQ==", "user"=>{"name"=>"", "email"=>""}, "commit"=>"Create User"}
  [1m[35m (0.0ms)[0m  [1m[36mbegin transaction[0m
  [1m[35mSQL (0.5ms)[0m  [1m[32mINSERT INTO "users" ("name", "email", "created_at", "updated_at") VALUES (?, ?, ?, ?)[0m  [["name", ""], ["email", ""], ["created_at", "2017-08-12 22:37:25.745813"], ["updated_at", "2017-08-12 22:37:25.745813"]]
  [1m[35m (38.1ms)[0m  [1m[36mcommit transaction[0m
Redirected to http://localhost:3000/users/2
Completed 302 Found in 45ms (ActiveRecord: 38.6ms)


Started GET "/users/2" for 127.0.0.1 at 2017-08-13 08:37:25 +1000
Processing by UsersController#show as HTML
  Parameters: {"id"=>"2"}
  [1m[36mUser Load (0.0ms)[0m  [1m[34mSELECT  "users".* FROM "users" WHERE "users"."id" = ? LIMIT ?[0m  [["id", 2], ["LIMIT", 1]]
  Rendering users/show.html.erb within layouts/application
  Rendered users/show.html.erb within layouts/application (0.5ms)
Completed 200 OK in 39ms (Views: 33.0ms | ActiveRecord: 0.0ms)


Started GET "/users" for 127.0.0.1 at 2017-08-13 08:37:27 +1000
Processing by UsersController#index as HTML
  Rendering users/index.html.erb within layouts/application
  [1m[36mUser Load (0.0ms)[0m  [1m[34mSELECT "users".* FROM "users"[0m
  Rendered users/index.html.erb within layouts/application (3.0ms)
Completed 200 OK in 46ms (Views: 40.5ms | ActiveRecord: 0.0ms)


Started DELETE "/users/2" for 127.0.0.1 at 2017-08-13 08:37:31 +1000
Processing by UsersController#destroy as HTML
  Parameters: {"authenticity_token"=>"F7AVuYtVt71KdJK0aNmN2QmB4IaZ950uNiqUWMXo2ycFKeXd//gwcPM5xK6IplezF3h8NSy2c095vp1TV4ZJNA==", "id"=>"2"}
  [1m[36mUser Load (0.0ms)[0m  [1m[34mSELECT  "users".* FROM "users" WHERE "users"."id" = ? LIMIT ?[0m  [["id", 2], ["LIMIT", 1]]
  [1m[35m (0.0ms)[0m  [1m[36mbegin transaction[0m
  [1m[35mSQL (0.0ms)[0m  [1m[31mDELETE FROM "users" WHERE "users"."id" = ?[0m  [["id", 2]]
  [1m[35m (63.3ms)[0m  [1m[36mcommit transaction[0m
Redirected to http://localhost:3000/users
Completed 302 Found in 71ms (ActiveRecord: 63.3ms)


Started GET "/users" for 127.0.0.1 at 2017-08-13 08:37:31 +1000
Processing by UsersController#index as HTML
  Rendering users/index.html.erb within layouts/application
  [1m[36mUser Load (0.0ms)[0m  [1m[34mSELECT "users".* FROM "users"[0m
  Rendered users/index.html.erb within layouts/application (2.5ms)
Completed 200 OK in 48ms (Views: 44.2ms | ActiveRecord: 0.0ms)


Started GET "/users" for 127.0.0.1 at 2017-08-13 08:39:13 +1000
Processing by UsersController#index as HTML
Completed 500 Internal Server Error in 4ms


  
NameError (uninitialized constant User::FILL_IN):
  
app/models/user.rb:3:in `<class:User>'
app/models/user.rb:1:in `<top (required)>'
app/controllers/users_controller.rb:7:in `index'
Started GET "/users" for 127.0.0.1 at 2017-08-13 08:39:13 +1000
Processing by UsersController#index as HTML
Completed 500 Internal Server Error in 547ms


  
NameError (uninitialized constant User::FILL_IN):
  
app/models/user.rb:3:in `<class:User>'
app/models/user.rb:1:in `<top (required)>'
app/controllers/users_controller.rb:7:in `index'
Started GET "/users/new" for 127.0.0.1 at 2017-08-13 08:39:14 +1000
Processing by UsersController#new as HTML
Completed 500 Internal Server Error in 845ms


  
NameError (uninitialized constant User::FILL_IN):
  
app/models/user.rb:3:in `<class:User>'
app/models/user.rb:1:in `<top (required)>'
app/controllers/users_controller.rb:17:in `new'
Started GET "/users" for 127.0.0.1 at 2017-08-13 08:39:32 +1000
Processing by UsersController#index as HTML
Completed 500 Internal Server Error in 4ms


  
NameError (uninitialized constant User::FILL_IN):
  
app/models/user.rb:3:in `<class:User>'
app/models/user.rb:1:in `<top (required)>'
app/controllers/users_controller.rb:7:in `index'
Started GET "/users" for 127.0.0.1 at 2017-08-13 08:39:55 +1000
Processing by UsersController#index as HTML
  Rendering users/index.html.erb within layouts/application
  [1m[36mUser Load (0.0ms)[0m  [1m[34mSELECT "users".* FROM "users"[0m
  Rendered users/index.html.erb within layouts/application (7.5ms)
Completed 200 OK in 51ms (Views: 41.3ms | ActiveRecord: 0.5ms)


Started GET "/users" for 127.0.0.1 at 2017-08-13 08:42:48 +1000
Processing by UsersController#index as HTML
  Rendering users/index.html.erb within layouts/application
  [1m[36mUser Load (0.5ms)[0m  [1m[34mSELECT "users".* FROM "users"[0m
  Rendered users/index.html.erb within layouts/application (8.1ms)
Completed 200 OK in 54ms (Views: 44.0ms | ActiveRecord: 1.5ms)


Started GET "/users" for 127.0.0.1 at 2017-08-13 08:42:51 +1000
Processing by UsersController#index as HTML
  Rendering users/index.html.erb within layouts/application
  [1m[36mUser Load (0.0ms)[0m  [1m[34mSELECT "users".* FROM "users"[0m
  Rendered users/index.html.erb within layouts/application (3.0ms)
Completed 200 OK in 62ms (Views: 47.4ms | ActiveRecord: 0.0ms)


Started GET "/users" for 127.0.0.1 at 2017-08-13 08:42:51 +1000
Processing by UsersController#index as HTML
  Rendering users/index.html.erb within layouts/application
  [1m[36mUser Load (0.0ms)[0m  [1m[34mSELECT "users".* FROM "users"[0m
  Rendered users/index.html.erb within layouts/application (3.0ms)
Completed 200 OK in 75ms (Views: 62.0ms | ActiveRecord: 0.0ms)


Started GET "/users/new" for 127.0.0.1 at 2017-08-13 08:42:52 +1000
Processing by UsersController#new as HTML
  Rendering users/new.html.erb within layouts/application
  Rendered users/_form.html.erb (1.5ms)
  Rendered users/new.html.erb within layouts/application (6.0ms)
Completed 200 OK in 44ms (Views: 38.7ms | ActiveRecord: 0.0ms)


Started POST "/users" for 127.0.0.1 at 2017-08-13 08:42:53 +1000
Processing by UsersController#create as HTML
  Parameters: {"utf8"=>"✓", "authenticity_token"=>"0RiEZivNNZYTZU1XUkVEnL776N6ET+36UH7xtkdN+FKj93bEZuLUbnTCYO1esCFkvNVUyJMX5YqUYR3G4Nnotw==", "user"=>{"name"=>"", "email"=>""}, "commit"=>"Create User"}
  [1m[35m (0.0ms)[0m  [1m[36mbegin transaction[0m
  [1m[35m (0.0ms)[0m  [1m[31mrollback transaction[0m
  Rendering users/new.html.erb within layouts/application
  Rendered users/_form.html.erb (2.0ms)
  Rendered users/new.html.erb within layouts/application (6.0ms)
Completed 200 OK in 47ms (Views: 42.2ms | ActiveRecord: 0.0ms)


